[I 2024-07-03 11:54:15.745 ServerApp] Package notebook took 0.0000s to import
[I 2024-07-03 11:54:15.773 ServerApp] Package jupyter_lsp took 0.0280s to import
[W 2024-07-03 11:54:15.773 ServerApp] A `_jupyter_server_extension_points` function was not found in jupyter_lsp. Instead, a `_jupyter_server_extension_paths` function was found and will be used for now. This function name will be deprecated in future releases of Jupyter Server.
[I 2024-07-03 11:54:15.784 ServerApp] Package jupyter_server_terminals took 0.0103s to import
[I 2024-07-03 11:54:15.784 ServerApp] Package jupyterlab took 0.0000s to import
[I 2024-07-03 11:54:15.845 ServerApp] Package notebook_shim took 0.0000s to import
[W 2024-07-03 11:54:15.845 ServerApp] A `_jupyter_server_extension_points` function was not found in notebook_shim. Instead, a `_jupyter_server_extension_paths` function was found and will be used for now. This function name will be deprecated in future releases of Jupyter Server.
[I 2024-07-03 11:54:15.846 ServerApp] jupyter_lsp | extension was successfully linked.
[I 2024-07-03 11:54:15.852 ServerApp] jupyter_server_terminals | extension was successfully linked.
[I 2024-07-03 11:54:15.859 ServerApp] jupyterlab | extension was successfully linked.
[I 2024-07-03 11:54:15.866 ServerApp] notebook | extension was successfully linked.
[I 2024-07-03 11:54:16.236 ServerApp] notebook_shim | extension was successfully linked.
[I 2024-07-03 11:54:16.420 ServerApp] notebook_shim | extension was successfully loaded.
[I 2024-07-03 11:54:16.424 ServerApp] jupyter_lsp | extension was successfully loaded.
[I 2024-07-03 11:54:16.425 ServerApp] jupyter_server_terminals | extension was successfully loaded.
[I 2024-07-03 11:54:16.429 LabApp] JupyterLab extension loaded from /home/mjia1/.conda/envs/attack_tracker/lib/python3.8/site-packages/jupyterlab
[I 2024-07-03 11:54:16.429 LabApp] JupyterLab application directory is /nfs/ada/songh/users/mjia1/.conda/envs/attack_tracker/share/jupyter/lab
[I 2024-07-03 11:54:16.430 LabApp] Extension Manager is 'pypi'.
[I 2024-07-03 11:54:16.432 ServerApp] jupyterlab | extension was successfully loaded.
[I 2024-07-03 11:54:16.507 ServerApp] notebook | extension was successfully loaded.
[I 2024-07-03 11:54:16.508 ServerApp] Serving notebooks from local directory: /nfs/rs/songh/users/mjia1/tracker_test/AttackSiamTracker-main/pysot/tools
[I 2024-07-03 11:54:16.508 ServerApp] Jupyter Server 2.10.0 is running at:
[I 2024-07-03 11:54:16.508 ServerApp] http://g12:24098/tree?token=232a5d15257eb3013f3924032f8dd92af6f321abe3d091ac
[I 2024-07-03 11:54:16.508 ServerApp]     http://127.0.0.1:24098/tree?token=232a5d15257eb3013f3924032f8dd92af6f321abe3d091ac
[I 2024-07-03 11:54:16.508 ServerApp] Use Control-C to stop this server and shut down all kernels (twice to skip confirmation).
[C 2024-07-03 11:54:16.534 ServerApp] 
    
    To access the server, open this file in a browser:
        file:///home/mjia1/.local/share/jupyter/runtime/jpserver-120189-open.html
    Or copy and paste one of these URLs:
        http://g12:24098/tree?token=232a5d15257eb3013f3924032f8dd92af6f321abe3d091ac
        http://127.0.0.1:24098/tree?token=232a5d15257eb3013f3924032f8dd92af6f321abe3d091ac
[I 2024-07-03 11:54:16.567 ServerApp] Skipped non-installed server(s): bash-language-server, dockerfile-language-server-nodejs, javascript-typescript-langserver, jedi-language-server, julia-language-server, pyright, python-language-server, python-lsp-server, r-languageserver, sql-language-server, texlab, typescript-language-server, unified-language-server, vscode-css-languageserver-bin, vscode-html-languageserver-bin, vscode-json-languageserver-bin, yaml-language-server
[I 2024-07-03 11:55:30.521 ServerApp] Kernel started: 248b89ee-ab58-48dc-b4b4-85bf673b11c4
[I 2024-07-03 11:55:31.536 ServerApp] Connecting to kernel 248b89ee-ab58-48dc-b4b4-85bf673b11c4.
[W 2024-07-03 12:45:31.538 ServerApp] WebSocket ping timeout after 119934 ms.
[I 2024-07-03 12:45:36.542 ServerApp] Starting buffering for 248b89ee-ab58-48dc-b4b4-85bf673b11c4:8404a9bc-788a-4c52-96f1-547ea7cfe1d3
slurmstepd: error: *** JOB 111717 ON g12 CANCELLED AT 2024-07-03T15:54:19 DUE TO TIME LIMIT ***
